<?xml version="1.0" encoding="UTF-8"?>
<!-- Generated by org.testng.reporters.JUnitXMLReporter -->
<testsuite hostname="Rucha" name="Default test" tests="3" failures="0" timestamp="5 Jun 2017 12:34:37 GMT" time="0.108" errors="0">
  <testcase name="m2" time="0.036" classname="com.demo.automation.TestNGExample"/>
  <testcase name="m3" time="0.004" classname="com.demo.automation.TestNGExample"/>
  <testcase name="m1" time="0.008" classname="com.demo.automation.TestNGExample"/>
</testsuite> <!-- Default test -->
