<?xml version="1.0" encoding="UTF-8"?>
<testng-results skipped="0" failed="0" total="3" passed="3">
  <reporter-output>
  </reporter-output>
  <suite name="Default suite" duration-ms="108" started-at="2017-06-05T12:34:36Z" finished-at="2017-06-05T12:34:37Z">
    <groups>
    </groups>
    <test name="Default test" duration-ms="108" started-at="2017-06-05T12:34:36Z" finished-at="2017-06-05T12:34:37Z">
      <class name="com.demo.automation.TestNGExample">
        <test-method status="PASS" signature="m2()[pri:0, instance:com.demo.automation.TestNGExample@77caeb3e]" name="m2" duration-ms="36" started-at="2017-06-05T18:04:36Z" description="This method defined by rucha" finished-at="2017-06-05T18:04:37Z">
          <reporter-output>
          </reporter-output>
        </test-method> <!-- m2 -->
        <test-method status="PASS" signature="m3()[pri:1, instance:com.demo.automation.TestNGExample@77caeb3e]" name="m3" duration-ms="4" started-at="2017-06-05T18:04:37Z" finished-at="2017-06-05T18:04:37Z">
          <reporter-output>
          </reporter-output>
        </test-method> <!-- m3 -->
        <test-method status="PASS" signature="m1()[pri:2, instance:com.demo.automation.TestNGExample@77caeb3e]" name="m1" duration-ms="8" started-at="2017-06-05T18:04:37Z" finished-at="2017-06-05T18:04:37Z">
          <reporter-output>
          </reporter-output>
        </test-method> <!-- m1 -->
      </class> <!-- com.demo.automation.TestNGExample -->
    </test> <!-- Default test -->
  </suite> <!-- Default suite -->
</testng-results>
